<?xml version="1.0" encoding="UTF-8"?>
<!-- Generated by org.testng.reporters.JUnitReportReporter -->
<testsuite hostname="LAPTOP-NRFT946J" failures="0" tests="5" name="runner.TestRunner" time="57.930" errors="0" timestamp="2023-06-23T18:00:34 CEST" skipped="0">
  <testcase classname="runner.TestRunner" name="runScenario" time="10.956"/>
  <system-out/>
  <testcase classname="runner.TestRunner" name="runScenario" time="11.018"/>
  <system-out/>
  <testcase classname="runner.TestRunner" name="runScenario" time="11.019"/>
  <system-out/>
  <testcase classname="runner.TestRunner" name="runScenario" time="10.208"/>
  <system-out/>
  <testcase classname="runner.TestRunner" name="runScenario" time="14.729"/>
  <system-out/>
</testsuite> <!-- runner.TestRunner -->
